<?xml version="1.0" encoding="UTF-8"?>
<!-- Generated by org.testng.reporters.JUnitReportReporter -->
<testsuite hostname="UNICOI-QA22L" failures="0" tests="1" name="testclasses.BackToQuoteProposalDetailPageTest" time="45.731" errors="0" timestamp="2022-11-02T11:28:08 IST" skipped="0">
  <testcase classname="testclasses.BackToQuoteProposalDetailPageTest" name="synchronize_with_Opportunity" time="45.731"/>
  <system-out/>
</testsuite> <!-- testclasses.BackToQuoteProposalDetailPageTest -->
