<?xml version="1.0" encoding="UTF-8"?>
<!-- Generated by org.testng.reporters.JUnitReportReporter -->
<testsuite hostname="UNICOI-QA22L" failures="0" tests="2" name="testclasses.TelerikPageTest" time="0.871" errors="0" timestamp="2022-11-24T18:29:01 IST" skipped="0">
  <testcase classname="testclasses.TelerikPageTest" name="shipName" time="0.817"/>
  <system-out/>
  <testcase classname="testclasses.TelerikPageTest" name="getRecordValues" time="0.054"/>
  <system-out/>
</testsuite> <!-- testclasses.TelerikPageTest -->
