<?xml version="1.0" encoding="UTF-8"?>
<!-- Generated by org.testng.reporters.JUnitReportReporter -->
<testsuite hostname="UNICOI-QA22L" failures="0" tests="1" name="testclasses.ProductPageTest" time="38.864" errors="0" timestamp="2022-11-06T17:11:12 IST" skipped="0">
  <testcase classname="testclasses.ProductPageTest" name="select_product" time="38.864"/>
  <system-out/>
</testsuite> <!-- testclasses.ProductPageTest -->
