<?xml version="1.0" encoding="UTF-8"?>
<!-- Generated by org.testng.reporters.JUnitReportReporter -->
<testsuite hostname="UNICOI-QA22L" failures="0" tests="1" name="testclasses.AfterCreditQuotePageTest" time="51.776" errors="0" timestamp="2022-11-17T16:36:31 IST" skipped="0">
  <testcase classname="testclasses.AfterCreditQuotePageTest" name="AfterCreditQuotePage" time="51.776"/>
  <system-out/>
</testsuite> <!-- testclasses.AfterCreditQuotePageTest -->
