<?xml version="1.0" encoding="UTF-8"?>
<!-- Generated by org.testng.reporters.JUnitReportReporter -->
<testsuite hostname="UNICOI-QA22L" failures="0" tests="1" name="testclasses.AgreementSavePageTest" time="18.103" errors="0" timestamp="2022-11-06T17:11:12 IST" skipped="0">
  <testcase classname="testclasses.AgreementSavePageTest" name="save_Agreement" time="18.103"/>
  <system-out/>
</testsuite> <!-- testclasses.AgreementSavePageTest -->
