<?xml version="1.0" encoding="UTF-8"?>
<!-- Generated by org.testng.reporters.JUnitReportReporter -->
<testsuite hostname="UNICOI-QA22L" failures="0" tests="1" name="testclasses.OpportunitiesDetailsPageTest" time="22.199" errors="0" timestamp="2022-11-17T19:13:51 IST" skipped="0">
  <testcase classname="testclasses.OpportunitiesDetailsPageTest" name="opportunitiesDetailsPage" time="22.199"/>
  <system-out/>
</testsuite> <!-- testclasses.OpportunitiesDetailsPageTest -->
