<?xml version="1.0" encoding="UTF-8"?>
<!-- Generated by org.testng.reporters.JUnitReportReporter -->
<testsuite hostname="UNICOI-QA22L" failures="0" tests="1" name="testclasses.CreditApplyTest" time="154.638" errors="0" timestamp="2022-11-17T16:20:11 IST" skipped="0">
  <testcase classname="testclasses.CreditApplyTest" name="creditApplyUrlLink" time="154.638"/>
  <system-out/>
</testsuite> <!-- testclasses.CreditApplyTest -->
