<?xml version="1.0" encoding="UTF-8"?>
<!-- Generated by org.testng.reporters.JUnitReportReporter -->
<testsuite hostname="DESKTOP-VSB7U4H" failures="0" tests="7" name="testscript.Script" time="24.302" errors="0" timestamp="2024-11-25T01:49:49 IST" skipped="1">
  <testcase classname="testscript.Script" name="verifyTheURL" time="0.037"/>
  <testcase classname="testscript.Script" name="navigateToSignIn" time="3.213"/>
  <testcase classname="testscript.Script" name="homePgae" time="7.414"/>
  <testcase classname="testscript.Script" name="searchResultsPage" time="0.357"/>
  <testcase classname="testscript.Script" name="addToCart" time="13.082"/>
  <testcase classname="testscript.Script" name="paymentPage" time="0.199"/>
  <testcase classname="testscript.Script" name="productDetailsPage">
    <skipped/>
  </testcase> <!-- productDetailsPage -->
</testsuite> <!-- testscript.Script -->
