<?xml version="1.0" encoding="UTF-8"?>
<!-- Generated by org.testng.reporters.JUnitReportReporter -->
<testsuite hostname="UNICOI-QA22L" failures="0" tests="1" name="testclasses.OpportunityPartnersPageTest" time="4.964" errors="0" timestamp="2022-11-15T15:26:26 IST" skipped="0">
  <testcase classname="testclasses.OpportunityPartnersPageTest" name="partnerSelect" time="4.964"/>
  <system-out/>
</testsuite> <!-- testclasses.OpportunityPartnersPageTest -->
